  profe-me-quede-dormido.cpp
C:\Users\dante\source\repos\dantedemian19\profe-me-quede-dormido\profe-me-quede-dormido.cpp(18,10): error C3646: 'upinthetree': unknown override specifier
C:\Users\dante\source\repos\dantedemian19\profe-me-quede-dormido\profe-me-quede-dormido.cpp(18,22): error C2059: syntax error: '='
C:\Users\dante\source\repos\dantedemian19\profe-me-quede-dormido\profe-me-quede-dormido.cpp(18,28): error C2238: unexpected token(s) preceding ';'
C:\Users\dante\source\repos\dantedemian19\profe-me-quede-dormido\profe-me-quede-dormido.cpp(19,10): error C3646: 'left': unknown override specifier
C:\Users\dante\source\repos\dantedemian19\profe-me-quede-dormido\profe-me-quede-dormido.cpp(19,15): error C2059: syntax error: '='
C:\Users\dante\source\repos\dantedemian19\profe-me-quede-dormido\profe-me-quede-dormido.cpp(19,21): error C2238: unexpected token(s) preceding ';'
C:\Users\dante\source\repos\dantedemian19\profe-me-quede-dormido\profe-me-quede-dormido.cpp(20,10): error C3646: 'right': unknown override specifier
C:\Users\dante\source\repos\dantedemian19\profe-me-quede-dormido\profe-me-quede-dormido.cpp(20,16): error C2059: syntax error: '='
C:\Users\dante\source\repos\dantedemian19\profe-me-quede-dormido\profe-me-quede-dormido.cpp(20,22): error C2238: unexpected token(s) preceding ';'
C:\Users\dante\source\repos\dantedemian19\profe-me-quede-dormido\profe-me-quede-dormido.cpp(21,10): error C3646: 'search': unknown override specifier
C:\Users\dante\source\repos\dantedemian19\profe-me-quede-dormido\profe-me-quede-dormido.cpp(21,16): error C2059: syntax error: '('
C:\Users\dante\source\repos\dantedemian19\profe-me-quede-dormido\profe-me-quede-dormido.cpp(21,37): error C2238: unexpected token(s) preceding ';'
C:\Users\dante\source\repos\dantedemian19\profe-me-quede-dormido\profe-me-quede-dormido.cpp(22,19): error C2061: syntax error: identifier 'node'
C:\Users\dante\source\repos\dantedemian19\profe-me-quede-dormido\profe-me-quede-dormido.cpp(103,12): error C2039: 'search': is not a member of 'tree'
C:\Users\dante\source\repos\dantedemian19\profe-me-quede-dormido\profe-me-quede-dormido.cpp(15): message : see declaration of 'tree'
C:\Users\dante\source\repos\dantedemian19\profe-me-quede-dormido\profe-me-quede-dormido.cpp(106,23): error C2065: 'num': undeclared identifier
C:\Users\dante\source\repos\dantedemian19\profe-me-quede-dormido\profe-me-quede-dormido.cpp(111,26): error C2065: 'num': undeclared identifier
C:\Users\dante\source\repos\dantedemian19\profe-me-quede-dormido\profe-me-quede-dormido.cpp(112,24): error C2039: 'left': is not a member of 'tree'
C:\Users\dante\source\repos\dantedemian19\profe-me-quede-dormido\profe-me-quede-dormido.cpp(15): message : see declaration of 'tree'
C:\Users\dante\source\repos\dantedemian19\profe-me-quede-dormido\profe-me-quede-dormido.cpp(113,35): error C2039: 'left': is not a member of 'tree'
C:\Users\dante\source\repos\dantedemian19\profe-me-quede-dormido\profe-me-quede-dormido.cpp(15): message : see declaration of 'tree'
C:\Users\dante\source\repos\dantedemian19\profe-me-quede-dormido\profe-me-quede-dormido.cpp(119,24): error C2039: 'right': is not a member of 'tree'
C:\Users\dante\source\repos\dantedemian19\profe-me-quede-dormido\profe-me-quede-dormido.cpp(15): message : see declaration of 'tree'
C:\Users\dante\source\repos\dantedemian19\profe-me-quede-dormido\profe-me-quede-dormido.cpp(120,35): error C2039: 'right': is not a member of 'tree'
C:\Users\dante\source\repos\dantedemian19\profe-me-quede-dormido\profe-me-quede-dormido.cpp(15): message : see declaration of 'tree'
C:\Users\dante\source\repos\dantedemian19\profe-me-quede-dormido\profe-me-quede-dormido.cpp(128,37): error C2511: 'void tree::add2tree(node &)': overloaded member function not found in 'tree'
C:\Users\dante\source\repos\dantedemian19\profe-me-quede-dormido\profe-me-quede-dormido.cpp(15): message : see declaration of 'tree'
C:\Users\dante\source\repos\dantedemian19\profe-me-quede-dormido\profe-me-quede-dormido.cpp(131,24): error C2039: 'search': is not a member of 'tree'
C:\Users\dante\source\repos\dantedemian19\profe-me-quede-dormido\profe-me-quede-dormido.cpp(15): message : see declaration of 'tree'
C:\Users\dante\source\repos\dantedemian19\profe-me-quede-dormido\profe-me-quede-dormido.cpp(131,31): error C2671: 'tree::add2tree': static member functions do not have 'this' pointers
C:\Users\dante\source\repos\dantedemian19\profe-me-quede-dormido\profe-me-quede-dormido.cpp(132,9): error C2065: 'upinthetree': undeclared identifier
C:\Users\dante\source\repos\dantedemian19\profe-me-quede-dormido\profe-me-quede-dormido.cpp(133,9): error C2597: illegal reference to non-static member 'tree::isroot'
C:\Users\dante\source\repos\dantedemian19\profe-me-quede-dormido\profe-me-quede-dormido.cpp(24): message : see declaration of 'tree::isroot'
C:\Users\dante\source\repos\dantedemian19\profe-me-quede-dormido\profe-me-quede-dormido.cpp(134,9): error C2597: illegal reference to non-static member 'tree::num'
C:\Users\dante\source\repos\dantedemian19\profe-me-quede-dormido\profe-me-quede-dormido.cpp(17): message : see declaration of 'tree::num'
C:\Users\dante\source\repos\dantedemian19\profe-me-quede-dormido\profe-me-quede-dormido.cpp(139,19): error C2039: 'upinthetree': is not a member of 'tree'
C:\Users\dante\source\repos\dantedemian19\profe-me-quede-dormido\profe-me-quede-dormido.cpp(15): message : see declaration of 'tree'
C:\Users\dante\source\repos\dantedemian19\profe-me-quede-dormido\profe-me-quede-dormido.cpp(143,16): error C2039: 'right': is not a member of 'tree'
C:\Users\dante\source\repos\dantedemian19\profe-me-quede-dormido\profe-me-quede-dormido.cpp(15): message : see declaration of 'tree'
C:\Users\dante\source\repos\dantedemian19\profe-me-quede-dormido\profe-me-quede-dormido.cpp(147,16): error C2039: 'left': is not a member of 'tree'
C:\Users\dante\source\repos\dantedemian19\profe-me-quede-dormido\profe-me-quede-dormido.cpp(15): message : see declaration of 'tree'
C:\Users\dante\source\repos\dantedemian19\profe-me-quede-dormido\profe-me-quede-dormido.cpp(173,33): error C2660: 'tree::add2tree': function does not take 1 arguments
C:\Users\dante\source\repos\dantedemian19\profe-me-quede-dormido\profe-me-quede-dormido.cpp(22,10): message : see declaration of 'tree::add2tree'
C:\Users\dante\source\repos\dantedemian19\profe-me-quede-dormido\profe-me-quede-dormido.cpp(184,16): error C2039: 'sig': is not a member of 'tree'
C:\Users\dante\source\repos\dantedemian19\profe-me-quede-dormido\profe-me-quede-dormido.cpp(15): message : see declaration of 'tree'
C:\Users\dante\source\repos\dantedemian19\profe-me-quede-dormido\profe-me-quede-dormido.cpp(219,22): error C2065: 'hashf': undeclared identifier
C:\Users\dante\source\repos\dantedemian19\profe-me-quede-dormido\profe-me-quede-dormido.cpp(219,29): error C2065: 'hashs': undeclared identifier
C:\Users\dante\source\repos\dantedemian19\profe-me-quede-dormido\profe-me-quede-dormido.cpp(219,36): error C2065: 'n': undeclared identifier
C:\Users\dante\source\repos\dantedemian19\profe-me-quede-dormido\profe-me-quede-dormido.cpp(219,13): error C3861: 'addvalue': identifier not found
C:\Users\dante\source\repos\dantedemian19\profe-me-quede-dormido\profe-me-quede-dormido.cpp(223,21): error C2065: 'hashs': undeclared identifier
C:\Users\dante\source\repos\dantedemian19\profe-me-quede-dormido\profe-me-quede-dormido.cpp(223,28): error C2065: 'n': undeclared identifier
C:\Users\dante\source\repos\dantedemian19\profe-me-quede-dormido\profe-me-quede-dormido.cpp(223,13): error C3861: 'peligro': identifier not found
C:\Users\dante\source\repos\dantedemian19\profe-me-quede-dormido\profe-me-quede-dormido.cpp(241,5): error C2065: 'thash': undeclared identifier
C:\Users\dante\source\repos\dantedemian19\profe-me-quede-dormido\profe-me-quede-dormido.cpp(241,11): error C2146: syntax error: missing ';' before identifier 'hashf'
C:\Users\dante\source\repos\dantedemian19\profe-me-quede-dormido\profe-me-quede-dormido.cpp(241,11): error C2065: 'hashf': undeclared identifier
C:\Users\dante\source\repos\dantedemian19\profe-me-quede-dormido\profe-me-quede-dormido.cpp(241,25): error C2065: 'hashs': undeclared identifier
C:\Users\dante\source\repos\dantedemian19\profe-me-quede-dormido\profe-me-quede-dormido.cpp(247,17): error C2065: 'hashs': undeclared identifier
C:\Users\dante\source\repos\dantedemian19\profe-me-quede-dormido\profe-me-quede-dormido.cpp(247,24): error C2065: 'hashf': undeclared identifier
C:\Users\dante\source\repos\dantedemian19\profe-me-quede-dormido\profe-me-quede-dormido.cpp(269,22): error C2065: 'hashf': undeclared identifier
C:\Users\dante\source\repos\dantedemian19\profe-me-quede-dormido\profe-me-quede-dormido.cpp(269,29): error C2065: 'hashs': undeclared identifier
C:\Users\dante\source\repos\dantedemian19\profe-me-quede-dormido\profe-me-quede-dormido.cpp(269,13): error C3861: 'addvalue': identifier not found
C:\Users\dante\source\repos\dantedemian19\profe-me-quede-dormido\profe-me-quede-dormido.cpp(273,21): error C2065: 'hashs': undeclared identifier
C:\Users\dante\source\repos\dantedemian19\profe-me-quede-dormido\profe-me-quede-dormido.cpp(273,13): error C3861: 'peligro': identifier not found
C:\Users\dante\source\repos\dantedemian19\profe-me-quede-dormido\profe-me-quede-dormido.cpp(277,28): error C2065: 'hashs': undeclared identifier
C:\Users\dante\source\repos\dantedemian19\profe-me-quede-dormido\profe-me-quede-dormido.cpp(277,13): error C3861: 'citotenescovid': identifier not found
C:\Users\dante\source\repos\dantedemian19\profe-me-quede-dormido\profe-me-quede-dormido.cpp(311,13): error C3861: 'menu1': identifier not found
